ERROR 2023-08-01 14:29:53,042 views get 1995 
ERROR 2023-08-01 16:57:14,133 views get 2001 unhashable type: 'slice'
ERROR 2023-08-01 17:04:07,313 views get 2001 string indices must be integers
ERROR 2023-08-01 17:41:36,172 views get 2004 QuerySet indices must be integers or slices, not str.
ERROR 2023-08-01 17:43:56,137 views get 2005 QuerySet indices must be integers or slices, not str.
ERROR 2023-08-01 17:44:01,601 views get 2005 QuerySet indices must be integers or slices, not str.
ERROR 2023-08-01 17:44:04,622 views get 2005 QuerySet indices must be integers or slices, not str.
ERROR 2023-08-01 17:44:33,769 views get 2005 QuerySet indices must be integers or slices, not str.
ERROR 2023-08-01 17:44:43,124 views get 2005 QuerySet indices must be integers or slices, not str.
ERROR 2023-08-01 17:44:45,894 views get 2005 QuerySet indices must be integers or slices, not str.
ERROR 2023-08-01 22:45:19,937 views get 2006 list index out of range
ERROR 2023-08-01 22:47:37,137 views get 2006 string indices must be integers
ERROR 2023-08-02 10:51:29,811 views get 2012 list indices must be integers or slices, not dict
ERROR 2023-08-02 11:22:24,957 views get 2014 list indices must be integers or slices, not str
ERROR 2023-08-02 11:49:02,690 views get 2017 list indices must be integers or slices, not str
ERROR 2023-08-02 11:49:27,856 views get 2017 list indices must be integers or slices, not str
ERROR 2023-08-02 11:50:14,957 views get 2017 list indices must be integers or slices, not str
ERROR 2023-08-02 11:50:29,886 views get 2017 list indices must be integers or slices, not str
ERROR 2023-08-02 12:57:38,504 views get 2020 'dict' object has no attribute 'append'
ERROR 2023-08-02 15:18:17,792 views get 2013 __init__() got multiple values for argument 'status'
ERROR 2023-08-02 15:27:51,070 views get 2013 __init__() got multiple values for argument 'status'
ERROR 2023-08-02 16:01:31,314 views get 2031 'value'
ERROR 2023-08-02 23:02:37,261 views get 2036 unsupported operand type(s) for +: 'int' and 'str'
ERROR 2023-08-02 23:04:18,833 views get 2036 unsupported operand type(s) for +: 'int' and 'str'
ERROR 2023-08-03 11:08:07,762 views get 2302 'value'
ERROR 2023-08-03 11:11:01,018 views get 2302 'value'
ERROR 2023-08-03 11:13:38,909 views get 2303 'value'
ERROR 2023-08-03 11:14:19,162 views get 2303 'value'
ERROR 2023-08-03 11:16:30,012 views get 2305 'value'
ERROR 2023-08-03 11:17:57,850 views get 2307 'categroy'
ERROR 2023-08-03 11:35:27,165 views get 2035 too many values to unpack (expected 2)
ERROR 2023-08-03 11:56:29,285 views get 2042 too many values to unpack (expected 2)
ERROR 2023-08-03 11:57:06,329 views get 2043 too many values to unpack (expected 2)
ERROR 2023-08-03 12:01:21,311 views get 2044 'list' object has no attribute 'items'
ERROR 2023-08-03 22:34:54,539 views get 2043 list index out of range
ERROR 2023-08-03 22:36:28,085 views get 2045 'str' object has no attribute 'copy'
ERROR 2023-08-03 22:38:43,083 views get 2046 'str' object has no attribute 'copy'
ERROR 2023-08-03 22:42:05,784 views get 2045 list index out of range
ERROR 2023-08-03 22:46:35,559 views get 2045 'NoneType' object has no attribute 'split'
ERROR 2023-08-03 22:46:42,650 views get 2045 'NoneType' object has no attribute 'split'
ERROR 2023-08-03 22:53:31,800 views get 2048 name 'master_list' is not defined
ERROR 2023-08-03 22:57:27,255 views get 2050 list index out of range
ERROR 2023-08-03 23:01:31,368 views get 2050 list index out of range
ERROR 2023-08-03 23:02:07,291 views get 2051 list index out of range
ERROR 2023-08-03 23:25:16,711 views get 2315 'value'
ERROR 2023-08-03 23:27:33,013 views get 2315 'value'
ERROR 2023-08-04 10:08:54,561 views get 168 list index out of range
ERROR 2023-08-08 15:26:08,140 views post 1456 UserRequestModel matching query does not exist.
ERROR 2023-08-08 15:26:25,533 views post 1456 UserRequestModel matching query does not exist.
ERROR 2023-08-08 15:28:09,203 views post 1457 UserRequestModel matching query does not exist.
ERROR 2023-08-08 15:28:54,606 views post 1457 UserRequestModel matching query does not exist.
ERROR 2023-08-08 15:29:31,787 views post 1459 UserRequestModel matching query does not exist.
ERROR 2023-08-08 16:32:27,136 views post 1460 get() returned more than one UserRequestModel -- it returned 8!
ERROR 2023-08-08 16:32:57,342 views post 1460 get() returned more than one UserRequestModel -- it returned 8!
ERROR 2023-08-08 16:33:43,119 views post 1460 get() returned more than one UserRequestModel -- it returned 8!
ERROR 2023-08-08 16:54:07,015 views post 1486 type object 'UserRequestModel' has no attribute 'DoesNOTExist'
ERROR 2023-08-08 16:55:19,921 views post 1487 type object 'UserRequestModel' has no attribute 'DoesNOTExist'
ERROR 2023-08-08 17:04:21,806 views post 1487 type object 'UserRequestModel' has no attribute 'DoesNOTExist'
ERROR 2023-08-08 17:11:01,292 views post 1461 get() returned more than one UserRequestModel -- it returned 3!
ERROR 2023-08-08 17:15:23,539 views post 1485 UserModel matching query does not exist.
ERROR 2023-08-08 17:16:38,606 views post 1485 UserModel matching query does not exist.
ERROR 2023-08-08 17:17:24,886 views post 1485 UserModel matching query does not exist.
ERROR 2023-08-08 17:19:59,472 views post 1485 UserModel matching query does not exist.
ERROR 2023-08-08 17:22:22,520 views post 1485 get() returned more than one UserRequestModel -- it returned 2!
ERROR 2023-08-08 17:24:36,306 views post 1485 get() returned more than one UserRequestModel -- it returned 2!
ERROR 2023-08-08 17:36:56,264 views post 1495 get() returned more than one UserRequestModel -- it returned 2!
ERROR 2023-08-08 17:40:45,090 views post 1480 UserModel matching query does not exist.
ERROR 2023-08-08 17:41:27,930 views post 1480 UserModel matching query does not exist.
ERROR 2023-08-08 17:42:37,250 views post 1480 get() returned more than one UserRequestModel -- it returned 2!
ERROR 2023-08-08 17:44:15,054 views post 1480 get() returned more than one UserRequestModel -- it returned 2!
ERROR 2023-08-10 10:38:56,974 views post 1468 get() returned more than one UserRequestModel -- it returned 6!
ERROR 2023-08-10 11:27:49,744 views post 1468 'UserRequestModel' object has no attribute 'filter'
ERROR 2023-08-10 15:33:51,186 views post 1658 string indices must be integers
ERROR 2023-08-10 15:34:19,393 views post 1658 string indices must be integers
ERROR 2023-08-10 15:37:18,923 views post 1658 string indices must be integers
ERROR 2023-08-10 15:38:07,567 views post 1659 string indices must be integers
ERROR 2023-08-10 15:38:23,155 views post 1659 string indices must be integers
ERROR 2023-08-10 15:38:47,606 views post 1659 string indices must be integers
ERROR 2023-08-10 15:41:18,853 views post 1659 string indices must be integers
ERROR 2023-08-10 15:41:47,060 views post 1659 string indices must be integers
ERROR 2023-08-10 15:45:40,879 views post 1654 string indices must be integers
ERROR 2023-08-10 15:47:02,787 views post 1657 string indices must be integers
ERROR 2023-08-10 15:48:09,273 views post 1659 string indices must be integers
ERROR 2023-08-10 15:49:20,063 views post 1660 string indices must be integers
ERROR 2023-08-10 15:49:47,549 views post 1661 string indices must be integers
ERROR 2023-09-13 22:55:57,991 views post 546 'list' object has no attribute 'split'
ERROR 2023-10-09 20:21:28,536 views post 2376 'int' object is not subscriptable
ERROR 2023-10-09 20:22:29,643 views post 2377 'int' object is not subscriptable
ERROR 2023-10-09 20:30:44,151 views post 2396 'NoneType' object has no attribute 'get'
ERROR 2023-10-09 20:31:24,301 views post 2398 'NoneType' object has no attribute 'get'
ERROR 2023-10-09 20:32:23,180 views post 2398 'NoneType' object has no attribute 'get'
ERROR 2023-10-09 20:32:56,173 views post 2399 'NoneType' object has no attribute 'get'
ERROR 2023-10-09 20:38:08,406 views post 2400 string indices must be integers
ERROR 2023-10-09 20:41:22,151 views post 2400 string indices must be integers
ERROR 2023-10-09 20:44:34,325 views post 2400 string indices must be integers
ERROR 2024-06-18 12:12:38,036 views post 1183 'ADL,RPL,MTL,ARL,LNL...'
ERROR 2024-06-18 12:16:41,621 views post 1136 Program 'ADL,RPL,MTL,ARL,LNL...' not found in master_dict
ERROR 2024-06-18 12:16:41,622 views post 1136 Program 'ADL,RPL,MTL,ARL,LNL...' not found in master_dict
ERROR 2024-06-18 12:16:41,622 views post 1136 Program 'ADL,RPL,MTL,ARL,LNL...' not found in master_dict
ERROR 2024-06-18 12:16:41,622 views post 1136 Program 'ADL,RPL,MTL,ARL,LNL...' not found in master_dict
ERROR 2024-06-18 12:16:41,623 views post 1136 Program 'ADL,RPL,MTL,ARL,LNL...' not found in master_dict
ERROR 2024-06-18 12:16:41,623 views post 1136 Program 'ADL,RPL,MTL,ARL,LNL...' not found in master_dict
ERROR 2024-06-18 12:16:41,623 views post 1136 Program 'ADL,RPL,MTL,ARL,LNL...' not found in master_dict
ERROR 2024-06-18 12:16:41,623 views post 1136 Program 'ADL,RPL,MTL,ARL,LNL...' not found in master_dict
ERROR 2024-06-18 12:16:41,623 views post 1136 Program 'ADL,RPL,MTL,ARL,LNL...' not found in master_dict
ERROR 2024-06-18 12:16:41,624 views post 1136 Program 'ADL,RPL,MTL,ARL,LNL...' not found in master_dict
ERROR 2024-06-18 12:16:41,624 views post 1136 Program 'ADL,RPL,MTL,ARL,LNL...' not found in master_dict
ERROR 2024-06-18 12:16:41,624 views post 1136 Program 'ADL,RPL,MTL,ARL,LNL...' not found in master_dict
ERROR 2024-06-18 12:16:41,624 views post 1136 Program 'ADL,RPL,MTL,ARL,LNL...' not found in master_dict
ERROR 2024-06-18 12:16:41,624 views post 1136 Program 'ADL,RPL,MTL,ARL,LNL...' not found in master_dict
ERROR 2024-06-18 12:16:41,624 views post 1136 Program 'ADL,RPL,MTL,ARL,LNL...' not found in master_dict
ERROR 2024-06-18 12:16:41,625 views post 1136 Program 'ADL,RPL,MTL,ARL,LNL...' not found in master_dict
ERROR 2024-06-18 12:16:41,625 views post 1136 Program 'ADL,RPL,MTL,ARL,LNL...' not found in master_dict
ERROR 2024-06-18 12:16:41,625 views post 1136 Program 'ADL,RPL,MTL,ARL,LNL...' not found in master_dict
ERROR 2024-06-18 12:16:41,625 views post 1136 Program 'ADL,RPL,MTL,ARL,LNL...' not found in master_dict
ERROR 2024-06-18 12:16:41,626 views post 1136 Program 'ADL,RPL,MTL,ARL,LNL...' not found in master_dict
ERROR 2024-06-18 12:16:41,626 views post 1136 Program 'ADL,RPL,MTL,ARL,LNL...' not found in master_dict
ERROR 2024-06-18 12:16:41,626 views post 1136 Program 'ADL,RPL,MTL,ARL,LNL...' not found in master_dict
ERROR 2024-06-18 12:16:41,626 views post 1136 Program 'ADL,RPL,MTL,ARL,LNL...' not found in master_dict
ERROR 2024-06-18 12:16:41,626 views post 1136 Program 'ADL,RPL,MTL,ARL,LNL...' not found in master_dict
ERROR 2024-06-18 12:16:41,628 views post 1136 Program 'ADL,RPL,MTL,ARL,LNL...' not found in master_dict
ERROR 2024-06-18 12:16:41,628 views post 1136 Program 'ADL,RPL,MTL,ARL,LNL...' not found in master_dict
ERROR 2024-06-18 12:16:41,628 views post 1136 Program 'ADL,RPL,MTL,ARL,LNL...' not found in master_dict
ERROR 2024-06-18 12:16:42,947 views post 1182 Program 'ADL,RPL,MTL,ARL,LNL...' not found in master_dict
ERROR 2024-06-18 12:16:42,948 views post 1182 Program 'ADL,RPL,MTL,ARL,LNL...' not found in master_dict
ERROR 2024-06-18 12:16:42,948 views post 1182 Program 'ADL,RPL,MTL,ARL,LNL...' not found in master_dict
ERROR 2024-06-18 12:16:42,948 views post 1182 Program 'ADL,RPL,MTL,ARL,LNL...' not found in master_dict
ERROR 2024-06-18 12:18:35,519 views post 1136 Program 'ADL,RPL,MTL,ARL,LNL...' not found in master_dict
ERROR 2024-06-18 12:18:35,520 views post 1136 Program 'ADL,RPL,MTL,ARL,LNL...' not found in master_dict
ERROR 2024-06-18 12:18:35,520 views post 1136 Program 'ADL,RPL,MTL,ARL,LNL...' not found in master_dict
ERROR 2024-06-18 12:18:35,520 views post 1136 Program 'ADL,RPL,MTL,ARL,LNL...' not found in master_dict
ERROR 2024-06-18 12:18:35,521 views post 1136 Program 'ADL,RPL,MTL,ARL,LNL...' not found in master_dict
ERROR 2024-06-18 12:18:35,521 views post 1136 Program 'ADL,RPL,MTL,ARL,LNL...' not found in master_dict
ERROR 2024-06-18 12:18:35,521 views post 1136 Program 'ADL,RPL,MTL,ARL,LNL...' not found in master_dict
ERROR 2024-06-18 12:18:35,521 views post 1136 Program 'ADL,RPL,MTL,ARL,LNL...' not found in master_dict
ERROR 2024-06-18 12:18:35,522 views post 1136 Program 'ADL,RPL,MTL,ARL,LNL...' not found in master_dict
ERROR 2024-06-18 12:18:35,522 views post 1136 Program 'ADL,RPL,MTL,ARL,LNL...' not found in master_dict
ERROR 2024-06-18 12:18:35,522 views post 1136 Program 'ADL,RPL,MTL,ARL,LNL...' not found in master_dict
ERROR 2024-06-18 12:18:35,522 views post 1136 Program 'ADL,RPL,MTL,ARL,LNL...' not found in master_dict
ERROR 2024-06-18 12:18:35,522 views post 1136 Program 'ADL,RPL,MTL,ARL,LNL...' not found in master_dict
ERROR 2024-06-18 12:18:35,522 views post 1136 Program 'ADL,RPL,MTL,ARL,LNL...' not found in master_dict
ERROR 2024-06-18 12:18:35,522 views post 1136 Program 'ADL,RPL,MTL,ARL,LNL...' not found in master_dict
ERROR 2024-06-18 12:18:35,522 views post 1136 Program 'ADL,RPL,MTL,ARL,LNL...' not found in master_dict
ERROR 2024-06-18 12:18:35,522 views post 1136 Program 'ADL,RPL,MTL,ARL,LNL...' not found in master_dict
ERROR 2024-06-18 12:18:35,522 views post 1136 Program 'ADL,RPL,MTL,ARL,LNL...' not found in master_dict
ERROR 2024-06-18 12:18:35,523 views post 1136 Program 'ADL,RPL,MTL,ARL,LNL...' not found in master_dict
ERROR 2024-06-18 12:18:35,523 views post 1136 Program 'ADL,RPL,MTL,ARL,LNL...' not found in master_dict
ERROR 2024-06-18 12:18:35,523 views post 1136 Program 'ADL,RPL,MTL,ARL,LNL...' not found in master_dict
ERROR 2024-06-18 12:18:35,523 views post 1136 Program 'ADL,RPL,MTL,ARL,LNL...' not found in master_dict
ERROR 2024-06-18 12:18:35,523 views post 1136 Program 'ADL,RPL,MTL,ARL,LNL...' not found in master_dict
ERROR 2024-06-18 12:18:35,523 views post 1136 Program 'ADL,RPL,MTL,ARL,LNL...' not found in master_dict
ERROR 2024-06-18 12:18:35,523 views post 1136 Program 'ADL,RPL,MTL,ARL,LNL...' not found in master_dict
ERROR 2024-06-18 12:18:35,523 views post 1136 Program 'ADL,RPL,MTL,ARL,LNL...' not found in master_dict
ERROR 2024-06-18 12:18:35,523 views post 1136 Program 'ADL,RPL,MTL,ARL,LNL...' not found in master_dict
ERROR 2024-06-18 12:18:36,753 views post 1182 Program 'ADL,RPL,MTL,ARL,LNL...' not found in master_dict
ERROR 2024-06-18 12:18:36,753 views post 1182 Program 'ADL,RPL,MTL,ARL,LNL...' not found in master_dict
ERROR 2024-06-18 12:18:36,753 views post 1182 Program 'ADL,RPL,MTL,ARL,LNL...' not found in master_dict
ERROR 2024-06-18 12:18:36,753 views post 1182 Program 'ADL,RPL,MTL,ARL,LNL...' not found in master_dict
ERROR 2024-06-18 12:20:32,762 views post 1183 'ADL,RPL,MTL,ARL,LNL...'
ERROR 2024-06-18 12:24:21,551 views post 1183 'ADL,RPL,MTL,ARL,LNL...'
ERROR 2024-06-18 12:26:03,105 views post 1187 'LNL...'
ERROR 2024-06-18 12:27:42,188 views post 1190 'LNL...'
ERROR 2024-06-18 12:30:43,370 views post 1189 'LNL...'
ERROR 2024-06-18 12:31:08,238 views post 1183 'ADL,RPL,MTL,ARL,LNL...'
ERROR 2024-06-18 12:34:07,846 views post 1183 'ADL,RPL,MTL,ARL,LNL...'
ERROR 2024-06-18 12:43:18,931 views post 1195 'NoneType' object is not iterable
ERROR 2024-06-18 12:45:28,593 views post 1195 'BenchData'
ERROR 2024-06-18 17:40:24,761 views post 1830 too many values to unpack (expected 2)
ERROR 2024-06-18 17:41:17,103 views post 1830 too many values to unpack (expected 2)
ERROR 2024-06-18 17:51:10,814 views post 2279 AllocationDetailsModel matching query does not exist.
ERROR 2024-06-20 10:24:58,800 views post 2391 An error occurred while processing the request: add() takes exactly one argument (2 given)
Traceback (most recent call last):
  File "C:\Users\csaxenax\OneDrive - Intel Corporation\Desktop\iilam\LabManager\allocationapp\views.py", line 2382, in post
    pending_data_list = self.get_pending_data_list(team)
  File "C:\Users\csaxenax\OneDrive - Intel Corporation\Desktop\iilam\LabManager\allocationapp\views.py", line 2408, in get_pending_data_list
    self.get_pending_data_for_team(team_name, lab_models, pending_data_dict)
  File "C:\Users\csaxenax\OneDrive - Intel Corporation\Desktop\iilam\LabManager\allocationapp\views.py", line 2484, in get_pending_data_for_team
    bench_labels.add(label_no,lab_model.Name)
TypeError: add() takes exactly one argument (2 given)
ERROR 2024-06-21 09:47:59,961 views post 941 add() takes exactly one argument (2 given)
ERROR 2024-06-21 09:48:27,091 views post 941 add() takes exactly one argument (2 given)
ERROR 2024-06-21 09:57:50,713 views post 939 add() takes exactly one argument (2 given)
ERROR 2024-06-21 10:08:31,796 views post 918 
ERROR 2024-06-21 10:17:32,518 views post 892 
ERROR 2024-06-21 10:18:43,934 views post 893 
ERROR 2024-06-21 10:20:51,519 views post 915 local variable 'each_location' referenced before assignment
ERROR 2024-06-21 10:22:09,359 views post 917 local variable 'each_location' referenced before assignment
ERROR 2024-06-21 10:33:41,184 views post 888 
ERROR 2024-06-21 10:56:49,938 views post 894 
ERROR 2024-06-21 11:15:51,414 views post 888 'AllocationDetailsModel' object is not subscriptable
ERROR 2024-06-21 11:17:48,914 views post 891 
ERROR 2024-06-21 11:23:28,923 views post 901 '>' not supported between instances of 'str' and 'int'
ERROR 2024-06-21 11:26:30,674 views post 897 'NoneType' object is not iterable
ERROR 2024-06-21 11:26:56,515 views post 897 'NoneType' object is not iterable
ERROR 2024-06-21 11:28:25,396 views post 899 'NoneType' object is not iterable
ERROR 2024-06-21 11:29:54,725 views post 901 'NoneType' object is not iterable
ERROR 2024-06-21 11:31:41,772 views post 899 'NoneType' object is not iterable
ERROR 2024-06-21 11:34:20,452 views post 899 'NoneType' object is not iterable
ERROR 2024-06-21 11:35:35,849 views post 899 Error in ProgramDrillDownView: 'NoneType' object is not iterable
ERROR 2024-06-21 11:36:32,816 views post 903 Error in ProgramDrillDownView: 'NoneType' object is not iterable
ERROR 2024-06-21 11:38:23,898 views post 897 'BenchDetails'
ERROR 2024-06-21 12:38:15,979 views post 890 'AllocationDetailsModel' object is not subscriptable
ERROR 2024-06-21 12:52:41,476 views post 1027 
ERROR 2024-06-21 12:53:15,193 views post 1027 'str' object has no attribute 'contains'
ERROR 2024-06-21 13:04:24,892 views post 1001 
ERROR 2024-06-21 13:05:31,063 views post 1000 
ERROR 2024-06-21 13:09:27,765 views post 1028 'Location__Name' does not resolve to an item that supports prefetching - this is an invalid parameter to prefetch_related().
ERROR 2024-06-21 13:10:04,332 views post 1028 'AllocationDetailsModel' object is not subscriptable
ERROR 2024-06-21 13:15:47,628 views post 1001 Value: ('B21', 'SRR-1-CRD-2') must be of type dict/list
ERROR 2024-06-21 13:21:05,076 views post 1014 
ERROR 2024-06-21 13:42:31,912 views post 900 
ERROR 2024-06-21 13:43:29,188 views post 903 
ERROR 2024-06-21 13:55:54,063 views post 910 
ERROR 2024-06-21 13:57:10,144 views post 910 
ERROR 2024-06-21 13:59:52,307 views post 909 
ERROR 2024-06-21 14:21:06,296 views post 912 local variable 'each_program_sku' referenced before assignment
ERROR 2024-06-21 14:23:14,680 views post 912 local variable 'each_program_sku' referenced before assignment
ERROR 2024-06-21 14:40:55,907 views post 937 'int' object is not subscriptable
ERROR 2024-06-21 14:41:27,928 views post 937 'int' object is not subscriptable
ERROR 2024-06-21 15:00:43,264 views post 947 local variable 'each_location' referenced before assignment
ERROR 2024-06-21 15:25:38,379 views post 308 Unsupported lookup 'icontains' for CharField or join on the field not permitted, perhaps you meant icontains or contains?
ERROR 2024-06-21 15:26:05,910 views post 308 Unsupported lookup 'icontains' for CharField or join on the field not permitted, perhaps you meant icontains or contains?
ERROR 2024-06-21 15:28:01,735 views post 308 
ERROR 2024-06-21 15:32:36,626 views post 308 'LAB–SRR-ECO-EC04 2B' is not in list
ERROR 2024-06-21 15:37:23,915 views post 282 
ERROR 2024-06-21 15:37:48,146 views post 282 
ERROR 2024-06-21 15:38:44,213 views post 282 
ERROR 2024-06-21 15:39:38,497 views post 283 
ERROR 2024-06-21 15:53:29,255 views post 925 Cannot call select_related() after .values() or .values_list()
ERROR 2024-06-21 15:54:58,976 views post 918 Non-relational field given in select_related: 'ProgramShortName'. Choices are: (none)
ERROR 2024-06-21 15:59:10,273 views post 880 'BenchDetails' does not resolve to an item that supports prefetching - this is an invalid parameter to prefetch_related().
ERROR 2024-06-21 16:00:59,842 views post 882 Value: ('A7', 'SRR-1-CRD-14') must be of type dict/list
ERROR 2024-06-21 16:02:31,257 views post 886 Value: ('A7', 'SRR-1-CRD-14') must be of type dict/list
ERROR 2024-06-21 16:06:51,681 views post 892 local variable 'lab_names_list' referenced before assignment
ERROR 2024-06-21 16:07:30,132 views post 892 string indices must be integers
ERROR 2024-06-21 16:10:12,071 views post 898 
ERROR 2024-06-21 16:12:04,341 views post 898 
ERROR 2024-06-21 16:13:04,615 views post 892 'LabModel' object is not subscriptable
ERROR 2024-06-21 16:33:37,883 views post 938 tuple indices must be integers or slices, not str
ERROR 2024-06-21 16:37:46,755 views post 898 
ERROR 2024-06-21 16:42:12,567 views post 932 
ERROR 2024-06-21 16:43:16,410 views post 932 
ERROR 2024-06-21 16:44:26,930 views post 934 
ERROR 2024-06-21 16:45:32,564 views post 937 
ERROR 2024-06-21 16:53:20,671 views post 907 
ERROR 2024-06-21 16:54:44,992 views post 909 
ERROR 2024-06-21 16:55:15,870 views post 909 
ERROR 2024-06-21 17:47:34,299 views post 898 name 'lab_names_set' is not defined
ERROR 2024-06-22 12:31:34,041 views post 331 local variable 'teams_list' referenced before assignment
ERROR 2024-06-22 12:34:26,614 views post 332 local variable 'teams_list' referenced before assignment
ERROR 2024-07-24 09:57:44,731 views get 2531 Cannot resolve keyword 'isAllocated' into field. Choices are: AllocatedDate, AllocatedTo, BenchData, DeallocatedBenchData, DeallocatedBy, Department, Duration, FromWW, Function, IsAllocated, IsRequested, Location, Location_id, NotifyTo, NumberOfbenches, Program, Reason, RejectedBy, RejectedDate, Remarks, RequestedBy, RequestedDate, Sku, Team, ToWW, Vendor, approvedBy, created, deallocatedDate, id, status
ERROR 2024-07-24 09:58:02,358 views get 2531 Cannot resolve keyword 'isAllocated' into field. Choices are: AllocatedDate, AllocatedTo, BenchData, DeallocatedBenchData, DeallocatedBy, Department, Duration, FromWW, Function, IsAllocated, IsRequested, Location, Location_id, NotifyTo, NumberOfbenches, Program, Reason, RejectedBy, RejectedDate, Remarks, RequestedBy, RequestedDate, Sku, Team, ToWW, Vendor, approvedBy, created, deallocatedDate, id, status
