INFO 2023-07-28 20:57:00,014 functions DeallocationSchedular 36 Scheduler Started
INFO 2023-07-28 21:17:16,287 functions DeallocationSchedular 36 Scheduler Started
INFO 2023-07-28 21:17:26,304 functions DeallocationSchedular 36 Scheduler Started
INFO 2023-07-28 21:17:36,301 functions DeallocationSchedular 36 Scheduler Started
INFO 2023-07-28 21:20:13,857 functions DeallocationSchedular 36 Scheduler Started
INFO 2023-07-28 21:20:14,904 functions DeallocationSchedular 36 Scheduler Started
INFO 2023-07-28 21:20:23,863 functions DeallocationSchedular 36 Scheduler Started
INFO 2023-07-28 21:20:24,905 functions DeallocationSchedular 36 Scheduler Started
INFO 2023-07-28 21:20:33,860 functions DeallocationSchedular 36 Scheduler Started
INFO 2023-07-28 21:20:34,903 functions DeallocationSchedular 36 Scheduler Started
INFO 2023-07-28 21:20:43,856 functions DeallocationSchedular 36 Scheduler Started
INFO 2023-07-28 21:20:44,901 functions DeallocationSchedular 36 Scheduler Started
INFO 2023-07-28 21:20:53,856 functions DeallocationSchedular 36 Scheduler Started
INFO 2023-07-28 21:20:54,899 functions DeallocationSchedular 36 Scheduler Started
INFO 2023-07-28 21:21:03,859 functions DeallocationSchedular 36 Scheduler Started
INFO 2023-07-28 21:21:04,906 functions DeallocationSchedular 36 Scheduler Started
INFO 2023-07-28 21:21:13,856 functions DeallocationSchedular 36 Scheduler Started
INFO 2023-07-28 21:21:14,902 functions DeallocationSchedular 36 Scheduler Started
INFO 2023-07-28 21:21:23,866 functions DeallocationSchedular 36 Scheduler Started
INFO 2023-07-28 21:21:28,467 functions DeallocationSchedular 36 Scheduler Started
INFO 2023-07-28 21:21:33,878 functions DeallocationSchedular 36 Scheduler Started
INFO 2023-07-28 21:21:38,465 functions DeallocationSchedular 36 Scheduler Started
INFO 2023-07-28 21:21:43,868 functions DeallocationSchedular 36 Scheduler Started
INFO 2023-07-28 21:21:48,472 functions DeallocationSchedular 36 Scheduler Started
INFO 2023-07-28 21:21:53,872 functions DeallocationSchedular 36 Scheduler Started
INFO 2023-07-28 21:21:58,460 functions DeallocationSchedular 36 Scheduler Started
INFO 2023-07-28 21:22:03,864 functions DeallocationSchedular 36 Scheduler Started
INFO 2023-07-28 21:22:08,471 functions DeallocationSchedular 36 Scheduler Started
INFO 2023-07-28 21:22:13,858 functions DeallocationSchedular 36 Scheduler Started
INFO 2023-07-28 21:22:23,869 functions DeallocationSchedular 36 Scheduler Started
INFO 2023-07-28 21:22:33,549 functions DeallocationSchedular 36 Scheduler Started
INFO 2023-07-28 21:22:33,862 functions DeallocationSchedular 36 Scheduler Started
INFO 2023-07-28 21:22:43,540 functions DeallocationSchedular 36 Scheduler Started
INFO 2023-07-28 21:22:43,863 functions DeallocationSchedular 36 Scheduler Started
INFO 2023-07-28 21:23:52,018 functions DeallocationSchedular 36 Scheduler Started
INFO 2023-07-28 21:23:53,137 functions DeallocationSchedular 36 Scheduler Started
INFO 2023-07-28 21:24:02,017 functions DeallocationSchedular 36 Scheduler Started
INFO 2023-07-28 21:24:03,137 functions DeallocationSchedular 36 Scheduler Started
INFO 2023-07-28 21:24:12,014 functions DeallocationSchedular 36 Scheduler Started
INFO 2023-07-28 21:24:13,137 functions DeallocationSchedular 36 Scheduler Started
INFO 2023-07-28 21:25:34,662 functions DeallocationSchedular 36 Scheduler Started
INFO 2023-07-28 21:25:35,664 functions DeallocationSchedular 36 Scheduler Started
INFO 2023-07-28 21:25:44,652 functions DeallocationSchedular 36 Scheduler Started
INFO 2023-07-28 21:25:45,650 functions DeallocationSchedular 36 Scheduler Started
INFO 2023-07-28 21:25:54,657 functions DeallocationSchedular 36 Scheduler Started
INFO 2023-07-28 21:25:55,656 functions DeallocationSchedular 36 Scheduler Started
INFO 2023-07-28 21:26:04,661 functions DeallocationSchedular 36 Scheduler Started
INFO 2023-07-28 21:26:05,656 functions DeallocationSchedular 36 Scheduler Started
INFO 2023-07-28 21:26:14,659 functions DeallocationSchedular 36 Scheduler Started
INFO 2023-07-28 21:26:15,653 functions DeallocationSchedular 36 Scheduler Started
INFO 2023-07-28 21:26:24,649 functions DeallocationSchedular 36 Scheduler Started
INFO 2023-07-28 21:26:25,648 functions DeallocationSchedular 36 Scheduler Started
INFO 2023-07-28 21:27:23,514 functions DeallocationSchedular 36 Scheduler Started
INFO 2023-07-28 21:27:24,770 functions DeallocationSchedular 36 Scheduler Started
INFO 2023-07-28 21:27:33,523 functions DeallocationSchedular 36 Scheduler Started
INFO 2023-07-28 21:27:34,769 functions DeallocationSchedular 36 Scheduler Started
INFO 2023-07-28 21:30:33,209 functions DeallocationSchedular 36 Scheduler Started
INFO 2023-07-28 21:30:34,393 functions DeallocationSchedular 36 Scheduler Started
INFO 2023-07-28 21:30:43,222 functions DeallocationSchedular 36 Scheduler Started
INFO 2023-07-28 21:30:44,391 functions DeallocationSchedular 36 Scheduler Started
INFO 2023-07-28 21:32:07,177 functions DeallocationSchedular 36 Scheduler Started
INFO 2023-07-28 21:32:08,190 functions DeallocationSchedular 36 Scheduler Started
INFO 2023-07-28 21:33:07,183 functions DeallocationSchedular 36 Scheduler Started
INFO 2023-07-28 21:33:18,507 functions DeallocationSchedular 36 Scheduler Started
INFO 2023-07-28 21:34:07,189 functions DeallocationSchedular 36 Scheduler Started
INFO 2023-07-28 21:34:44,950 functions DeallocationSchedular 36 Scheduler Started
INFO 2023-07-28 21:35:07,172 functions DeallocationSchedular 36 Scheduler Started
INFO 2023-07-28 21:35:44,943 functions DeallocationSchedular 36 Scheduler Started
INFO 2023-07-28 21:36:07,171 functions DeallocationSchedular 36 Scheduler Started
INFO 2023-07-28 21:36:44,942 functions DeallocationSchedular 36 Scheduler Started
INFO 2023-07-28 21:37:07,182 functions DeallocationSchedular 36 Scheduler Started
INFO 2023-07-28 21:37:44,949 functions DeallocationSchedular 36 Scheduler Started
INFO 2023-07-28 21:38:07,183 functions DeallocationSchedular 36 Scheduler Started
INFO 2023-07-28 21:38:44,956 functions DeallocationSchedular 36 Scheduler Started
INFO 2023-07-29 20:10:49,654 functions DeallocationSchedular 36 Scheduler Started
INFO 2023-07-29 20:11:02,185 functions DeallocationSchedular 36 Scheduler Started
INFO 2023-07-29 20:11:32,204 functions DeallocationSchedular 36 Scheduler Started
INFO 2023-07-29 20:11:49,653 functions DeallocationSchedular 36 Scheduler Started
INFO 2023-07-29 20:12:02,182 functions DeallocationSchedular 36 Scheduler Started
INFO 2023-07-29 20:13:33,332 functions DeallocationSchedular 36 Scheduler Started
INFO 2023-07-29 20:13:34,562 functions DeallocationSchedular 36 Scheduler Started
INFO 2023-07-29 20:13:53,347 functions DeallocationSchedular 36 Scheduler Started
INFO 2023-07-29 20:13:54,565 functions DeallocationSchedular 36 Scheduler Started
INFO 2023-07-29 20:14:13,340 functions DeallocationSchedular 36 Scheduler Started
INFO 2023-07-29 20:14:14,562 functions DeallocationSchedular 36 Scheduler Started
INFO 2023-07-29 20:16:42,989 functions DeallocationSchedular 36 Scheduler Started
INFO 2023-07-29 20:16:44,157 functions DeallocationSchedular 36 Scheduler Started
INFO 2023-07-29 20:17:02,989 functions DeallocationSchedular 36 Scheduler Started
INFO 2023-07-29 20:17:04,146 functions DeallocationSchedular 36 Scheduler Started
INFO 2023-07-29 20:22:04,206 functions DeallocationSchedular 36 Scheduler Started
INFO 2023-07-29 20:22:05,453 functions DeallocationSchedular 36 Scheduler Started
INFO 2023-07-29 20:22:24,208 functions DeallocationSchedular 36 Scheduler Started
INFO 2023-07-29 20:22:25,457 functions DeallocationSchedular 36 Scheduler Started
INFO 2023-07-29 20:22:44,221 functions DeallocationSchedular 36 Scheduler Started
INFO 2023-07-29 20:22:56,950 functions DeallocationSchedular 36 Scheduler Started
INFO 2023-07-29 20:23:04,209 functions DeallocationSchedular 36 Scheduler Started
INFO 2023-07-29 20:23:16,954 functions DeallocationSchedular 36 Scheduler Started
INFO 2023-07-29 20:23:24,221 functions DeallocationSchedular 36 Scheduler Started
INFO 2023-07-29 20:24:59,278 functions DeallocationSchedular 36 Scheduler Started
INFO 2023-07-29 20:25:00,619 functions DeallocationSchedular 36 Scheduler Started
INFO 2023-07-29 20:25:19,277 functions DeallocationSchedular 36 Scheduler Started
INFO 2023-07-29 20:25:20,625 functions DeallocationSchedular 36 Scheduler Started
INFO 2023-07-29 20:27:00,513 functions DeallocationSchedular 36 Scheduler Started
INFO 2023-07-29 20:27:01,636 functions DeallocationSchedular 36 Scheduler Started
INFO 2023-07-29 20:28:53,751 functions DeallocationSchedular 36 Scheduler Started
INFO 2023-07-29 20:28:55,036 functions DeallocationSchedular 36 Scheduler Started
INFO 2023-07-29 20:29:13,748 functions DeallocationSchedular 36 Scheduler Started
INFO 2023-07-29 20:29:15,045 functions DeallocationSchedular 36 Scheduler Started
INFO 2023-07-29 20:29:33,745 functions DeallocationSchedular 36 Scheduler Started
INFO 2023-07-29 20:29:35,036 functions DeallocationSchedular 36 Scheduler Started
INFO 2023-07-29 20:31:09,379 functions DeallocationSchedular 36 Scheduler Started
INFO 2023-07-29 20:31:10,616 functions DeallocationSchedular 36 Scheduler Started
INFO 2023-07-29 20:35:27,369 functions DeallocationSchedular 36 Scheduler Started
INFO 2023-07-29 20:35:28,516 functions DeallocationSchedular 36 Scheduler Started
INFO 2023-07-29 20:35:47,356 functions DeallocationSchedular 36 Scheduler Started
INFO 2023-07-29 20:35:48,525 functions DeallocationSchedular 36 Scheduler Started
INFO 2023-07-29 20:47:28,500 functions DeallocationSchedular 36 Scheduler Started
INFO 2023-07-29 20:47:30,770 functions DeallocationSchedular 36 Scheduler Started
INFO 2023-07-29 20:47:48,501 functions DeallocationSchedular 36 Scheduler Started
INFO 2023-07-29 20:47:50,779 functions DeallocationSchedular 36 Scheduler Started
INFO 2023-07-29 20:48:08,503 functions DeallocationSchedular 36 Scheduler Started
INFO 2023-07-29 20:48:10,769 functions DeallocationSchedular 36 Scheduler Started
INFO 2023-07-29 20:48:28,513 functions DeallocationSchedular 36 Scheduler Started
INFO 2023-07-29 20:48:30,767 functions DeallocationSchedular 36 Scheduler Started
INFO 2023-07-29 20:48:48,509 functions DeallocationSchedular 36 Scheduler Started
INFO 2023-07-29 20:48:50,773 functions DeallocationSchedular 36 Scheduler Started
INFO 2023-07-29 20:50:45,312 functions DeallocationSchedular 36 Scheduler Started
INFO 2023-07-29 20:50:47,466 functions DeallocationSchedular 36 Scheduler Started
INFO 2023-07-29 20:51:05,319 functions DeallocationSchedular 36 Scheduler Started
INFO 2023-07-29 20:51:07,471 functions DeallocationSchedular 36 Scheduler Started
INFO 2023-07-29 20:51:25,325 functions DeallocationSchedular 36 Scheduler Started
INFO 2023-07-29 20:51:45,315 functions DeallocationSchedular 36 Scheduler Started
INFO 2023-07-29 20:51:45,520 functions DeallocationSchedular 36 Scheduler Started
INFO 2023-07-29 20:51:46,385 functions DeallocationSchedular 192 Scheduler Completed Execution
INFO 2023-07-29 20:52:05,326 functions DeallocationSchedular 36 Scheduler Started
INFO 2023-07-29 20:52:05,521 functions DeallocationSchedular 36 Scheduler Started
INFO 2023-07-29 20:52:06,363 functions DeallocationSchedular 192 Scheduler Completed Execution
INFO 2023-07-29 20:52:25,315 functions DeallocationSchedular 36 Scheduler Started
INFO 2023-07-29 20:52:25,523 functions DeallocationSchedular 36 Scheduler Started
INFO 2023-07-29 20:52:26,432 functions DeallocationSchedular 192 Scheduler Completed Execution
INFO 2023-07-29 20:52:45,315 functions DeallocationSchedular 36 Scheduler Started
INFO 2023-07-29 20:52:45,519 functions DeallocationSchedular 36 Scheduler Started
INFO 2023-07-29 20:52:46,504 functions DeallocationSchedular 192 Scheduler Completed Execution
INFO 2023-07-29 20:53:14,762 functions DeallocationSchedular 36 Scheduler Started
INFO 2023-07-29 20:53:16,812 functions DeallocationSchedular 36 Scheduler Started
INFO 2023-07-29 20:53:17,656 functions DeallocationSchedular 192 Scheduler Completed Execution
INFO 2023-07-29 20:53:17,938 functions DeallocationSchedular 192 Scheduler Completed Execution
INFO 2023-07-29 20:53:34,757 functions DeallocationSchedular 36 Scheduler Started
INFO 2023-07-29 20:53:35,657 functions DeallocationSchedular 192 Scheduler Completed Execution
INFO 2023-07-29 20:53:36,811 functions DeallocationSchedular 36 Scheduler Started
INFO 2023-07-29 20:53:37,723 functions DeallocationSchedular 192 Scheduler Completed Execution
INFO 2023-07-29 20:54:32,219 functions DeallocationSchedular 36 Scheduler Started
INFO 2023-07-29 20:54:34,447 functions DeallocationSchedular 36 Scheduler Started
INFO 2023-07-29 20:54:52,225 functions DeallocationSchedular 36 Scheduler Started
INFO 2023-07-29 20:54:54,435 functions DeallocationSchedular 36 Scheduler Started
INFO 2023-07-29 20:55:42,819 functions DeallocationSchedular 36 Scheduler Started
INFO 2023-07-29 20:55:44,939 functions DeallocationSchedular 36 Scheduler Started
INFO 2023-07-29 20:55:45,900 functions DeallocationSchedular 192 Scheduler Completed Execution
INFO 2023-07-29 20:55:46,148 functions DeallocationSchedular 192 Scheduler Completed Execution
INFO 2023-07-29 20:56:02,817 functions DeallocationSchedular 36 Scheduler Started
INFO 2023-07-29 20:56:03,828 functions DeallocationSchedular 192 Scheduler Completed Execution
INFO 2023-07-29 20:56:04,953 functions DeallocationSchedular 36 Scheduler Started
INFO 2023-07-29 20:56:06,240 functions DeallocationSchedular 192 Scheduler Completed Execution
INFO 2023-07-29 21:41:51,691 functions DeallocationSchedular 36 Scheduler Started
INFO 2023-07-29 21:41:52,802 functions DeallocationSchedular 36 Scheduler Started
INFO 2023-07-29 21:42:05,127 functions DeallocationSchedular 193 Scheduler Completed Execution
INFO 2023-07-29 21:42:05,248 functions DeallocationSchedular 193 Scheduler Completed Execution
INFO 2023-07-29 21:42:11,695 functions DeallocationSchedular 36 Scheduler Started
INFO 2023-07-29 21:42:12,457 functions DeallocationSchedular 193 Scheduler Completed Execution
INFO 2023-07-29 21:42:12,798 functions DeallocationSchedular 36 Scheduler Started
INFO 2023-07-29 21:42:13,587 functions DeallocationSchedular 193 Scheduler Completed Execution
INFO 2023-07-29 21:42:31,690 functions DeallocationSchedular 36 Scheduler Started
INFO 2023-07-29 21:42:32,661 functions DeallocationSchedular 193 Scheduler Completed Execution
INFO 2023-07-29 21:42:32,793 functions DeallocationSchedular 36 Scheduler Started
INFO 2023-07-29 21:42:33,562 functions DeallocationSchedular 193 Scheduler Completed Execution
INFO 2023-07-29 21:42:51,690 functions DeallocationSchedular 36 Scheduler Started
INFO 2023-07-29 21:42:52,576 functions DeallocationSchedular 193 Scheduler Completed Execution
INFO 2023-07-29 21:42:52,767 functions DeallocationSchedular 36 Scheduler Started
INFO 2023-07-29 21:42:53,531 functions DeallocationSchedular 193 Scheduler Completed Execution
INFO 2023-07-29 21:43:59,214 functions DeallocationSchedular 36 Scheduler Started
INFO 2023-07-29 21:44:00,284 functions DeallocationSchedular 36 Scheduler Started
INFO 2023-07-29 21:44:19,207 functions DeallocationSchedular 36 Scheduler Started
INFO 2023-07-29 21:44:20,285 functions DeallocationSchedular 36 Scheduler Started
INFO 2023-07-29 21:44:51,654 functions DeallocationSchedular 36 Scheduler Started
INFO 2023-07-29 21:44:52,706 functions DeallocationSchedular 36 Scheduler Started
INFO 2023-07-29 21:45:11,659 functions DeallocationSchedular 36 Scheduler Started
INFO 2023-07-31 09:52:38,595 functions DeallocationSchedular 36 Scheduler Started
INFO 2023-07-31 09:52:39,605 functions DeallocationSchedular 36 Scheduler Started
INFO 2023-07-31 09:52:58,606 functions DeallocationSchedular 36 Scheduler Started
INFO 2023-07-31 09:52:59,611 functions DeallocationSchedular 36 Scheduler Started
INFO 2023-07-31 09:53:18,582 functions DeallocationSchedular 36 Scheduler Started
INFO 2023-07-31 09:53:19,608 functions DeallocationSchedular 36 Scheduler Started
INFO 2023-07-31 09:53:38,592 functions DeallocationSchedular 36 Scheduler Started
INFO 2023-07-31 09:53:39,615 functions DeallocationSchedular 36 Scheduler Started
INFO 2023-07-31 09:53:58,595 functions DeallocationSchedular 36 Scheduler Started
INFO 2023-07-31 09:53:59,610 functions DeallocationSchedular 36 Scheduler Started
INFO 2023-07-31 09:54:18,593 functions DeallocationSchedular 36 Scheduler Started
INFO 2023-07-31 09:54:19,624 functions DeallocationSchedular 36 Scheduler Started
INFO 2023-07-31 09:54:38,596 functions DeallocationSchedular 36 Scheduler Started
INFO 2023-07-31 09:54:39,615 functions DeallocationSchedular 36 Scheduler Started
INFO 2023-07-31 09:54:58,595 functions DeallocationSchedular 36 Scheduler Started
INFO 2023-07-31 09:55:17,526 functions DeallocationSchedular 36 Scheduler Started
INFO 2023-07-31 09:55:18,598 functions DeallocationSchedular 36 Scheduler Started
INFO 2023-07-31 09:55:37,516 functions DeallocationSchedular 36 Scheduler Started
INFO 2023-07-31 09:55:38,582 functions DeallocationSchedular 36 Scheduler Started
INFO 2023-07-31 09:56:15,816 functions DeallocationSchedular 36 Scheduler Started
INFO 2023-07-31 09:56:16,754 functions DeallocationSchedular 36 Scheduler Started
INFO 2023-07-31 09:56:35,816 functions DeallocationSchedular 36 Scheduler Started
INFO 2023-07-31 09:56:36,754 functions DeallocationSchedular 36 Scheduler Started
INFO 2023-07-31 09:56:55,826 functions DeallocationSchedular 36 Scheduler Started
INFO 2023-07-31 09:56:56,759 functions DeallocationSchedular 36 Scheduler Started
INFO 2023-07-31 09:57:15,814 functions DeallocationSchedular 36 Scheduler Started
INFO 2023-07-31 09:57:16,754 functions DeallocationSchedular 36 Scheduler Started
INFO 2023-07-31 09:57:35,817 functions DeallocationSchedular 36 Scheduler Started
INFO 2023-07-31 09:57:36,752 functions DeallocationSchedular 36 Scheduler Started
INFO 2023-07-31 09:57:55,826 functions DeallocationSchedular 36 Scheduler Started
INFO 2023-07-31 09:57:56,762 functions DeallocationSchedular 36 Scheduler Started
INFO 2023-07-31 09:58:15,815 functions DeallocationSchedular 36 Scheduler Started
INFO 2023-07-31 09:58:16,752 functions DeallocationSchedular 36 Scheduler Started
INFO 2023-07-31 09:58:35,824 functions DeallocationSchedular 36 Scheduler Started
INFO 2023-07-31 09:58:36,758 functions DeallocationSchedular 36 Scheduler Started
INFO 2023-07-31 09:58:55,805 functions DeallocationSchedular 36 Scheduler Started
INFO 2023-07-31 09:58:56,747 functions DeallocationSchedular 36 Scheduler Started
INFO 2023-07-31 09:59:15,813 functions DeallocationSchedular 36 Scheduler Started
INFO 2023-07-31 09:59:16,748 functions DeallocationSchedular 36 Scheduler Started
INFO 2023-07-31 09:59:35,817 functions DeallocationSchedular 36 Scheduler Started
INFO 2023-07-31 09:59:36,754 functions DeallocationSchedular 36 Scheduler Started
INFO 2023-07-31 09:59:55,815 functions DeallocationSchedular 36 Scheduler Started
INFO 2023-07-31 09:59:56,763 functions DeallocationSchedular 36 Scheduler Started
INFO 2023-07-31 10:00:15,821 functions DeallocationSchedular 36 Scheduler Started
INFO 2023-07-31 10:00:16,757 functions DeallocationSchedular 36 Scheduler Started
INFO 2023-07-31 10:00:35,809 functions DeallocationSchedular 36 Scheduler Started
INFO 2023-07-31 10:00:36,762 functions DeallocationSchedular 36 Scheduler Started
INFO 2023-07-31 10:00:55,811 functions DeallocationSchedular 36 Scheduler Started
INFO 2023-07-31 10:00:56,749 functions DeallocationSchedular 36 Scheduler Started
INFO 2023-07-31 10:01:26,100 functions DeallocationSchedular 36 Scheduler Started
INFO 2023-07-31 10:01:27,021 functions DeallocationSchedular 36 Scheduler Started
INFO 2023-07-31 10:01:27,943 functions DeallocationSchedular 193 Scheduler Completed Execution
INFO 2023-07-31 10:01:28,963 functions DeallocationSchedular 193 Scheduler Completed Execution
INFO 2023-07-31 10:01:46,096 functions DeallocationSchedular 36 Scheduler Started
INFO 2023-07-31 10:01:46,932 functions DeallocationSchedular 193 Scheduler Completed Execution
INFO 2023-07-31 10:01:47,081 functions DeallocationSchedular 36 Scheduler Started
INFO 2023-07-31 10:01:48,397 functions DeallocationSchedular 193 Scheduler Completed Execution
INFO 2023-07-31 10:02:06,108 functions DeallocationSchedular 36 Scheduler Started
INFO 2023-07-31 10:02:06,994 functions DeallocationSchedular 193 Scheduler Completed Execution
INFO 2023-07-31 10:02:07,029 functions DeallocationSchedular 36 Scheduler Started
INFO 2023-07-31 10:02:07,924 functions DeallocationSchedular 193 Scheduler Completed Execution
INFO 2023-07-31 10:02:26,116 functions DeallocationSchedular 36 Scheduler Started
INFO 2023-07-31 10:02:27,020 functions DeallocationSchedular 36 Scheduler Started
INFO 2023-07-31 10:02:27,067 functions DeallocationSchedular 193 Scheduler Completed Execution
INFO 2023-07-31 10:02:27,951 functions DeallocationSchedular 193 Scheduler Completed Execution
INFO 2023-07-31 10:02:46,094 functions DeallocationSchedular 36 Scheduler Started
INFO 2023-07-31 10:02:47,018 functions DeallocationSchedular 36 Scheduler Started
INFO 2023-07-31 10:02:47,085 functions DeallocationSchedular 193 Scheduler Completed Execution
INFO 2023-07-31 10:02:47,784 functions DeallocationSchedular 193 Scheduler Completed Execution
INFO 2023-07-31 10:03:06,098 functions DeallocationSchedular 36 Scheduler Started
INFO 2023-07-31 10:03:07,028 functions DeallocationSchedular 36 Scheduler Started
INFO 2023-07-31 10:03:07,144 functions DeallocationSchedular 193 Scheduler Completed Execution
INFO 2023-07-31 10:03:07,954 functions DeallocationSchedular 193 Scheduler Completed Execution
INFO 2023-07-31 10:03:26,099 functions DeallocationSchedular 36 Scheduler Started
INFO 2023-07-31 10:03:26,904 functions DeallocationSchedular 193 Scheduler Completed Execution
INFO 2023-07-31 10:03:27,016 functions DeallocationSchedular 36 Scheduler Started
INFO 2023-07-31 10:03:27,809 functions DeallocationSchedular 193 Scheduler Completed Execution
INFO 2023-07-31 10:03:46,095 functions DeallocationSchedular 36 Scheduler Started
INFO 2023-07-31 10:03:46,948 functions DeallocationSchedular 193 Scheduler Completed Execution
INFO 2023-07-31 10:03:47,029 functions DeallocationSchedular 36 Scheduler Started
INFO 2023-07-31 10:03:47,936 functions DeallocationSchedular 193 Scheduler Completed Execution
INFO 2023-07-31 10:04:06,095 functions DeallocationSchedular 36 Scheduler Started
INFO 2023-07-31 10:04:07,039 functions DeallocationSchedular 36 Scheduler Started
INFO 2023-07-31 10:04:07,086 functions DeallocationSchedular 193 Scheduler Completed Execution
INFO 2023-07-31 10:04:07,824 functions DeallocationSchedular 193 Scheduler Completed Execution
INFO 2023-07-31 10:04:26,097 functions DeallocationSchedular 36 Scheduler Started
INFO 2023-07-31 10:04:26,886 functions DeallocationSchedular 193 Scheduler Completed Execution
INFO 2023-07-31 10:04:27,029 functions DeallocationSchedular 36 Scheduler Started
INFO 2023-07-31 10:04:27,833 functions DeallocationSchedular 193 Scheduler Completed Execution
INFO 2023-07-31 10:04:46,109 functions DeallocationSchedular 36 Scheduler Started
INFO 2023-07-31 10:04:46,915 functions DeallocationSchedular 193 Scheduler Completed Execution
INFO 2023-07-31 10:04:47,029 functions DeallocationSchedular 36 Scheduler Started
INFO 2023-07-31 10:04:47,842 functions DeallocationSchedular 193 Scheduler Completed Execution
INFO 2023-07-31 10:05:06,114 functions DeallocationSchedular 36 Scheduler Started
INFO 2023-07-31 10:05:06,940 functions DeallocationSchedular 193 Scheduler Completed Execution
INFO 2023-07-31 10:05:07,034 functions DeallocationSchedular 36 Scheduler Started
INFO 2023-07-31 10:05:07,834 functions DeallocationSchedular 193 Scheduler Completed Execution
INFO 2023-07-31 10:05:26,102 functions DeallocationSchedular 36 Scheduler Started
INFO 2023-07-31 10:05:26,886 functions DeallocationSchedular 193 Scheduler Completed Execution
INFO 2023-07-31 10:05:27,019 functions DeallocationSchedular 36 Scheduler Started
INFO 2023-07-31 10:05:27,794 functions DeallocationSchedular 193 Scheduler Completed Execution
INFO 2023-07-31 10:12:49,303 functions DeallocationSchedular 36 Scheduler Started
INFO 2023-07-31 10:12:50,208 functions DeallocationSchedular 36 Scheduler Started
INFO 2023-07-31 10:20:43,437 functions DeallocationSchedular 36 Scheduler Started
INFO 2023-07-31 10:20:44,374 functions DeallocationSchedular 36 Scheduler Started
INFO 2023-07-31 10:21:03,441 functions DeallocationSchedular 36 Scheduler Started
INFO 2023-07-31 10:21:04,376 functions DeallocationSchedular 36 Scheduler Started
INFO 2023-07-31 10:21:23,450 functions DeallocationSchedular 36 Scheduler Started
INFO 2023-07-31 10:21:24,385 functions DeallocationSchedular 36 Scheduler Started
INFO 2023-07-31 10:21:43,432 functions DeallocationSchedular 36 Scheduler Started
INFO 2023-07-31 10:21:44,371 functions DeallocationSchedular 36 Scheduler Started
INFO 2023-07-31 10:23:44,455 functions DeallocationSchedular 36 Scheduler Started
INFO 2023-07-31 10:23:45,503 functions DeallocationSchedular 36 Scheduler Started
INFO 2023-07-31 10:23:46,347 functions DeallocationSchedular 210 Scheduler Completed Execution
INFO 2023-07-31 10:23:47,350 functions DeallocationSchedular 210 Scheduler Completed Execution
INFO 2023-07-31 10:34:46,283 functions DeallocationSchedular 36 Scheduler Started
INFO 2023-07-31 10:34:47,163 functions DeallocationSchedular 36 Scheduler Started
INFO 2023-07-31 10:34:48,032 functions DeallocationSchedular 211 Scheduler Completed Execution
INFO 2023-07-31 10:34:49,353 functions DeallocationSchedular 211 Scheduler Completed Execution
INFO 2023-07-31 10:35:06,284 functions DeallocationSchedular 36 Scheduler Started
INFO 2023-07-31 10:35:07,163 functions DeallocationSchedular 36 Scheduler Started
INFO 2023-07-31 10:35:07,207 functions DeallocationSchedular 211 Scheduler Completed Execution
INFO 2023-07-31 10:35:07,971 functions DeallocationSchedular 211 Scheduler Completed Execution
INFO 2023-07-31 10:35:26,293 functions DeallocationSchedular 36 Scheduler Started
INFO 2023-07-31 10:35:27,168 functions DeallocationSchedular 36 Scheduler Started
INFO 2023-07-31 10:35:27,170 functions DeallocationSchedular 211 Scheduler Completed Execution
INFO 2023-07-31 10:35:28,013 functions DeallocationSchedular 211 Scheduler Completed Execution
INFO 2023-07-31 10:35:46,275 functions DeallocationSchedular 36 Scheduler Started
INFO 2023-07-31 10:35:47,158 functions DeallocationSchedular 36 Scheduler Started
INFO 2023-07-31 10:35:47,281 functions DeallocationSchedular 211 Scheduler Completed Execution
INFO 2023-07-31 10:35:48,025 functions DeallocationSchedular 211 Scheduler Completed Execution
INFO 2023-07-31 10:39:10,068 functions DeallocationSchedular 36 Scheduler Started
INFO 2023-07-31 10:39:11,111 functions DeallocationSchedular 36 Scheduler Started
INFO 2023-07-31 10:39:11,121 functions DeallocationSchedular 211 Scheduler Completed Execution
INFO 2023-07-31 10:39:11,445 functions DeallocationSchedular 211 Scheduler Completed Execution
INFO 2023-07-31 13:24:13,787 functions DeallocationSchedular 36 Scheduler Started
INFO 2023-07-31 13:24:14,980 functions DeallocationSchedular 36 Scheduler Started
INFO 2023-07-31 13:24:15,887 functions DeallocationSchedular 216 Scheduler Completed Execution
INFO 2023-07-31 13:24:16,858 functions DeallocationSchedular 216 Scheduler Completed Execution
INFO 2023-07-31 13:24:33,788 functions DeallocationSchedular 36 Scheduler Started
INFO 2023-07-31 13:24:34,664 functions DeallocationSchedular 216 Scheduler Completed Execution
INFO 2023-07-31 13:24:34,988 functions DeallocationSchedular 36 Scheduler Started
INFO 2023-07-31 13:24:35,917 functions DeallocationSchedular 216 Scheduler Completed Execution
INFO 2023-07-31 13:24:53,799 functions DeallocationSchedular 36 Scheduler Started
INFO 2023-07-31 13:24:54,705 functions DeallocationSchedular 216 Scheduler Completed Execution
INFO 2023-07-31 13:24:54,980 functions DeallocationSchedular 36 Scheduler Started
INFO 2023-07-31 13:24:55,874 functions DeallocationSchedular 216 Scheduler Completed Execution
INFO 2023-07-31 13:47:36,197 functions DeallocationSchedular 36 Scheduler Started
INFO 2023-07-31 13:47:37,651 functions DeallocationSchedular 36 Scheduler Started
INFO 2023-07-31 13:47:56,201 functions DeallocationSchedular 36 Scheduler Started
INFO 2023-07-31 13:47:57,654 functions DeallocationSchedular 36 Scheduler Started
INFO 2023-07-31 13:48:16,198 functions DeallocationSchedular 36 Scheduler Started
INFO 2023-07-31 13:48:17,652 functions DeallocationSchedular 36 Scheduler Started
INFO 2023-07-31 13:51:42,419 functions DeallocationSchedular 36 Scheduler Started
INFO 2023-07-31 13:51:43,384 functions DeallocationSchedular 36 Scheduler Started
INFO 2023-07-31 13:51:43,678 functions DeallocationSchedular 191 Scheduler Completed Execution
INFO 2023-07-31 13:51:43,755 functions DeallocationSchedular 191 Scheduler Completed Execution
INFO 2023-07-31 13:52:02,430 functions DeallocationSchedular 36 Scheduler Started
INFO 2023-07-31 13:52:02,814 functions DeallocationSchedular 191 Scheduler Completed Execution
INFO 2023-07-31 13:52:03,393 functions DeallocationSchedular 36 Scheduler Started
INFO 2023-07-31 13:52:03,739 functions DeallocationSchedular 191 Scheduler Completed Execution
INFO 2023-07-31 13:52:22,442 functions DeallocationSchedular 36 Scheduler Started
INFO 2023-07-31 13:52:22,838 functions DeallocationSchedular 191 Scheduler Completed Execution
INFO 2023-07-31 13:52:23,381 functions DeallocationSchedular 36 Scheduler Started
INFO 2023-07-31 13:52:23,759 functions DeallocationSchedular 191 Scheduler Completed Execution
INFO 2023-07-31 13:52:42,434 functions DeallocationSchedular 36 Scheduler Started
INFO 2023-07-31 13:52:42,805 functions DeallocationSchedular 191 Scheduler Completed Execution
INFO 2023-07-31 13:52:43,389 functions DeallocationSchedular 36 Scheduler Started
INFO 2023-07-31 13:52:43,767 functions DeallocationSchedular 191 Scheduler Completed Execution
INFO 2023-07-31 13:53:02,421 functions DeallocationSchedular 36 Scheduler Started
INFO 2023-07-31 13:53:02,814 functions DeallocationSchedular 191 Scheduler Completed Execution
INFO 2023-07-31 13:53:03,369 functions DeallocationSchedular 36 Scheduler Started
INFO 2023-07-31 13:53:03,768 functions DeallocationSchedular 191 Scheduler Completed Execution
INFO 2023-07-31 13:55:52,963 functions DeallocationSchedular 36 Scheduler Started
INFO 2023-07-31 13:55:53,867 functions DeallocationSchedular 36 Scheduler Started
INFO 2023-07-31 13:55:54,263 functions DeallocationSchedular 192 Scheduler Completed Execution
INFO 2023-07-31 13:55:54,294 functions DeallocationSchedular 192 Scheduler Completed Execution
INFO 2023-07-31 13:56:50,394 functions DeallocationSchedular 36 Scheduler Started
INFO 2023-07-31 13:56:51,332 functions DeallocationSchedular 36 Scheduler Started
INFO 2023-07-31 14:00:01,529 functions DeallocationSchedular 36 Scheduler Started
INFO 2023-07-31 14:00:02,461 functions DeallocationSchedular 36 Scheduler Started
INFO 2023-07-31 14:05:25,529 functions DeallocationSchedular 36 Scheduler Started
INFO 2023-07-31 14:05:26,512 functions DeallocationSchedular 36 Scheduler Started
INFO 2023-07-31 14:07:26,181 functions DeallocationSchedular 36 Scheduler Started
INFO 2023-07-31 14:07:27,643 functions DeallocationSchedular 36 Scheduler Started
INFO 2023-07-31 14:07:46,189 functions DeallocationSchedular 36 Scheduler Started
INFO 2023-07-31 14:07:47,638 functions DeallocationSchedular 36 Scheduler Started
INFO 2023-07-31 14:08:06,174 functions DeallocationSchedular 36 Scheduler Started
INFO 2023-07-31 14:08:07,636 functions DeallocationSchedular 36 Scheduler Started
INFO 2023-07-31 14:08:26,183 functions DeallocationSchedular 36 Scheduler Started
INFO 2023-07-31 14:08:27,641 functions DeallocationSchedular 36 Scheduler Started
INFO 2023-07-31 14:18:26,678 functions DeallocationSchedular 36 Scheduler Started
INFO 2023-07-31 14:18:27,626 functions DeallocationSchedular 36 Scheduler Started
INFO 2023-07-31 14:18:28,520 functions DeallocationSchedular 201 Scheduler Completed Execution
INFO 2023-07-31 14:18:29,901 functions DeallocationSchedular 201 Scheduler Completed Execution
INFO 2023-07-31 14:25:10,244 functions DeallocationSchedular 36 Scheduler Started
INFO 2023-07-31 14:25:11,253 functions DeallocationSchedular 36 Scheduler Started
INFO 2023-07-31 14:25:12,113 functions DeallocationSchedular 201 Scheduler Completed Execution
INFO 2023-07-31 14:25:13,356 functions DeallocationSchedular 201 Scheduler Completed Execution
INFO 2023-07-31 14:25:30,241 functions DeallocationSchedular 36 Scheduler Started
INFO 2023-07-31 14:25:31,108 functions DeallocationSchedular 201 Scheduler Completed Execution
INFO 2023-07-31 14:25:31,251 functions DeallocationSchedular 36 Scheduler Started
INFO 2023-07-31 14:25:32,096 functions DeallocationSchedular 201 Scheduler Completed Execution
INFO 2023-07-31 14:25:50,249 functions DeallocationSchedular 36 Scheduler Started
INFO 2023-07-31 14:25:51,068 functions DeallocationSchedular 201 Scheduler Completed Execution
INFO 2023-07-31 14:25:51,245 functions DeallocationSchedular 36 Scheduler Started
INFO 2023-07-31 14:25:52,097 functions DeallocationSchedular 201 Scheduler Completed Execution
INFO 2023-07-31 14:26:10,249 functions DeallocationSchedular 36 Scheduler Started
INFO 2023-07-31 14:26:11,245 functions DeallocationSchedular 36 Scheduler Started
INFO 2023-07-31 14:26:11,596 functions DeallocationSchedular 201 Scheduler Completed Execution
INFO 2023-07-31 14:26:12,104 functions DeallocationSchedular 201 Scheduler Completed Execution
INFO 2023-07-31 14:26:30,247 functions DeallocationSchedular 36 Scheduler Started
INFO 2023-07-31 14:26:31,245 functions DeallocationSchedular 36 Scheduler Started
INFO 2023-07-31 14:26:31,364 functions DeallocationSchedular 201 Scheduler Completed Execution
INFO 2023-07-31 14:26:32,084 functions DeallocationSchedular 201 Scheduler Completed Execution
INFO 2023-07-31 14:26:50,254 functions DeallocationSchedular 36 Scheduler Started
INFO 2023-07-31 14:26:51,252 functions DeallocationSchedular 36 Scheduler Started
INFO 2023-07-31 14:26:51,379 functions DeallocationSchedular 201 Scheduler Completed Execution
INFO 2023-07-31 14:26:52,077 functions DeallocationSchedular 201 Scheduler Completed Execution
INFO 2023-07-31 14:36:13,244 functions DeallocationSchedular 36 Scheduler Started
INFO 2023-07-31 14:36:14,195 functions DeallocationSchedular 36 Scheduler Started
INFO 2023-07-31 14:36:20,062 functions DeallocationSchedular 129 Bench Deallocated for id 73,                     User Bharath M for benches ['K6', 'K7', 'K8', 'L19', 'L20', 'K5']
INFO 2023-07-31 14:36:24,129 functions DeallocationSchedular 129 Bench Deallocated for id 97,                     User Abbas Batcha for benches ['E12', 'E22', 'E21', 'E13', 'E14', 'E15', 'E16', 'E17', 'E18', 'E19', 'E20', 'F9', 'F8']
INFO 2023-07-31 14:36:27,396 functions DeallocationSchedular 129 Bench Deallocated for id 97,                     User Abbas Batcha for benches ['E12', 'E22', 'E21', 'E13', 'E14', 'E15', 'E16', 'E17', 'E18', 'E19', 'E20', 'F9', 'F8']
INFO 2023-07-31 14:36:27,770 functions DeallocationSchedular 129 Bench Deallocated for id 103,                     User Abbas Batcha for benches ['B20', 'B18', 'B19']
INFO 2023-07-31 14:36:30,107 functions DeallocationSchedular 129 Bench Deallocated for id 103,                     User Abbas Batcha for benches ['B20', 'B18', 'B19']
INFO 2023-07-31 14:36:31,180 functions DeallocationSchedular 129 Bench Deallocated for id 71,                     User Bharath M for benches ['J9', 'J10', 'J11', 'K15']
INFO 2023-07-31 14:36:33,476 functions DeallocationSchedular 129 Bench Deallocated for id 71,                     User Bharath M for benches ['J9', 'J10', 'J11', 'K15']
INFO 2023-07-31 14:36:34,760 functions DeallocationSchedular 129 Bench Deallocated for id 72,                     User Bharath M for benches ['J17', 'J18']
INFO 2023-07-31 14:36:36,025 functions DeallocationSchedular 129 Bench Deallocated for id 72,                     User Bharath M for benches ['J17', 'J18']
INFO 2023-07-31 14:36:41,025 functions DeallocationSchedular 129 Bench Deallocated for id 84,                     User Chandrashekhar Ramgond for benches ['B8', 'B9', 'B10', 'B11', 'B12', 'B13', 'B14', 'B15', 'B16', 'B17']
INFO 2023-07-31 14:36:42,046 functions DeallocationSchedular 129 Bench Deallocated for id 84,                     User Chandrashekhar Ramgond for benches ['B8', 'B9', 'B10', 'B11', 'B12', 'B13', 'B14', 'B15', 'B16', 'B17']
INFO 2023-07-31 14:36:43,878 functions DeallocationSchedular 129 Bench Deallocated for id 87,                     User S K Chaitanya Goriparthi for benches ['A14', 'A15', 'A16', 'A17']
INFO 2023-07-31 14:36:45,480 functions DeallocationSchedular 129 Bench Deallocated for id 87,                     User S K Chaitanya Goriparthi for benches ['A14', 'A15', 'A16', 'A17']
INFO 2023-07-31 14:36:46,628 functions DeallocationSchedular 129 Bench Deallocated for id 88,                     User S K Chaitanya Goriparthi for benches ['J13', 'J14']
INFO 2023-07-31 14:36:47,807 functions DeallocationSchedular 129 Bench Deallocated for id 88,                     User S K Chaitanya Goriparthi for benches ['J13', 'J14']
INFO 2023-07-31 14:36:48,668 functions DeallocationSchedular 129 Bench Deallocated for id 75,                     User Abhishek Kumar for benches ['L17']
INFO 2023-07-31 14:36:48,668 functions DeallocationSchedular 177 Scheduler Completed Execution
INFO 2023-07-31 14:36:49,813 functions DeallocationSchedular 129 Bench Deallocated for id 75,                     User Abhishek Kumar for benches ['L17']
INFO 2023-07-31 14:36:49,813 functions DeallocationSchedular 177 Scheduler Completed Execution
INFO 2023-07-31 14:42:42,756 functions DeallocationSchedular 36 Scheduler Started
INFO 2023-07-31 14:42:43,708 functions DeallocationSchedular 36 Scheduler Started
INFO 2023-07-31 14:42:44,299 functions DeallocationSchedular 177 Scheduler Completed Execution
INFO 2023-07-31 14:42:45,675 functions DeallocationSchedular 177 Scheduler Completed Execution
INFO 2023-07-31 14:51:14,187 functions DeallocationSchedular 36 Scheduler Started
INFO 2023-07-31 14:51:15,230 functions DeallocationSchedular 36 Scheduler Started
INFO 2023-07-31 14:51:15,484 functions DeallocationSchedular 180 Scheduler Completed Execution
INFO 2023-07-31 14:51:15,644 functions DeallocationSchedular 180 Scheduler Completed Execution
INFO 2023-07-31 14:52:17,469 functions DeallocationSchedular 36 Scheduler Started
INFO 2023-07-31 14:52:18,745 functions DeallocationSchedular 181 Scheduler Completed Execution
INFO 2023-07-31 14:52:18,822 functions DeallocationSchedular 36 Scheduler Started
INFO 2023-07-31 14:52:19,193 functions DeallocationSchedular 181 Scheduler Completed Execution
INFO 2023-07-31 14:54:26,132 functions DeallocationSchedular 36 Scheduler Started
INFO 2023-07-31 14:54:27,076 functions DeallocationSchedular 36 Scheduler Started
INFO 2023-07-31 14:54:27,346 functions DeallocationSchedular 184 Scheduler Completed Execution
INFO 2023-07-31 14:54:27,447 functions DeallocationSchedular 184 Scheduler Completed Execution
INFO 2023-07-31 14:56:11,787 functions DeallocationSchedular 36 Scheduler Started
INFO 2023-07-31 14:56:12,783 functions DeallocationSchedular 36 Scheduler Started
INFO 2023-07-31 14:56:13,403 functions DeallocationSchedular 184 Scheduler Completed Execution
INFO 2023-07-31 14:56:14,898 functions DeallocationSchedular 184 Scheduler Completed Execution
INFO 2023-07-31 14:58:24,551 functions DeallocationSchedular 36 Scheduler Started
INFO 2023-07-31 14:58:25,519 functions DeallocationSchedular 36 Scheduler Started
INFO 2023-07-31 14:58:45,890 functions DeallocationSchedular 182 Scheduler Completed Execution
INFO 2023-07-31 14:58:46,530 functions DeallocationSchedular 182 Scheduler Completed Execution
INFO 2023-09-14 15:38:11,001 functions DeallocationSchedular 36 Scheduler Started
INFO 2023-09-14 15:38:11,751 functions DeallocationSchedular 179 Scheduler Completed Execution
INFO 2023-09-14 15:38:31,000 functions DeallocationSchedular 36 Scheduler Started
INFO 2023-09-14 15:38:31,790 functions DeallocationSchedular 179 Scheduler Completed Execution
INFO 2023-09-14 15:38:50,997 functions DeallocationSchedular 36 Scheduler Started
INFO 2023-09-14 15:38:51,724 functions DeallocationSchedular 179 Scheduler Completed Execution
INFO 2023-09-14 15:39:11,006 functions DeallocationSchedular 36 Scheduler Started
INFO 2023-09-14 15:39:11,714 functions DeallocationSchedular 179 Scheduler Completed Execution
INFO 2023-09-14 15:39:30,994 functions DeallocationSchedular 36 Scheduler Started
INFO 2023-09-14 15:39:31,709 functions DeallocationSchedular 179 Scheduler Completed Execution
INFO 2023-09-14 15:39:50,998 functions DeallocationSchedular 36 Scheduler Started
INFO 2023-09-14 15:39:51,710 functions DeallocationSchedular 179 Scheduler Completed Execution
INFO 2023-09-14 15:40:11,007 functions DeallocationSchedular 36 Scheduler Started
INFO 2023-09-14 15:40:11,732 functions DeallocationSchedular 179 Scheduler Completed Execution
INFO 2023-09-14 15:40:30,996 functions DeallocationSchedular 36 Scheduler Started
INFO 2023-09-14 15:40:31,719 functions DeallocationSchedular 179 Scheduler Completed Execution
INFO 2023-09-14 15:40:50,999 functions DeallocationSchedular 36 Scheduler Started
INFO 2023-09-14 15:40:51,746 functions DeallocationSchedular 179 Scheduler Completed Execution
INFO 2023-09-14 15:41:11,009 functions DeallocationSchedular 36 Scheduler Started
INFO 2023-09-14 15:41:11,725 functions DeallocationSchedular 179 Scheduler Completed Execution
INFO 2023-09-14 15:41:30,997 functions DeallocationSchedular 36 Scheduler Started
INFO 2023-09-14 15:41:38,324 functions DeallocationSchedular 131 Bench Deallocated for id 177,                     User ARBAZ ALI for benches ['B1053', 'D1104', 'D1103', 'D1102']
INFO 2023-09-14 15:41:38,324 functions DeallocationSchedular 179 Scheduler Completed Execution
INFO 2023-09-14 15:41:51,017 functions DeallocationSchedular 36 Scheduler Started
INFO 2023-09-14 15:41:51,753 functions DeallocationSchedular 179 Scheduler Completed Execution
INFO 2023-09-14 15:42:11,000 functions DeallocationSchedular 36 Scheduler Started
INFO 2023-09-14 15:42:11,709 functions DeallocationSchedular 179 Scheduler Completed Execution
INFO 2023-09-14 15:42:31,004 functions DeallocationSchedular 36 Scheduler Started
INFO 2023-09-14 15:42:31,764 functions DeallocationSchedular 179 Scheduler Completed Execution
INFO 2023-09-14 15:42:51,016 functions DeallocationSchedular 36 Scheduler Started
INFO 2023-09-14 15:42:51,768 functions DeallocationSchedular 179 Scheduler Completed Execution
INFO 2023-09-14 15:43:10,998 functions DeallocationSchedular 36 Scheduler Started
INFO 2023-09-14 15:43:11,731 functions DeallocationSchedular 179 Scheduler Completed Execution
INFO 2023-09-14 15:43:31,001 functions DeallocationSchedular 36 Scheduler Started
INFO 2023-09-14 15:43:31,719 functions DeallocationSchedular 179 Scheduler Completed Execution
INFO 2023-09-14 15:43:51,003 functions DeallocationSchedular 36 Scheduler Started
INFO 2023-09-14 15:43:51,732 functions DeallocationSchedular 179 Scheduler Completed Execution
INFO 2023-09-14 15:44:11,000 functions DeallocationSchedular 36 Scheduler Started
INFO 2023-09-14 15:44:11,728 functions DeallocationSchedular 179 Scheduler Completed Execution
INFO 2023-09-14 15:44:30,999 functions DeallocationSchedular 36 Scheduler Started
INFO 2023-09-14 15:44:31,727 functions DeallocationSchedular 179 Scheduler Completed Execution
INFO 2023-09-14 15:44:51,000 functions DeallocationSchedular 36 Scheduler Started
INFO 2023-09-14 15:44:51,730 functions DeallocationSchedular 179 Scheduler Completed Execution
INFO 2023-09-14 15:45:10,998 functions DeallocationSchedular 36 Scheduler Started
INFO 2023-09-14 15:45:11,699 functions DeallocationSchedular 179 Scheduler Completed Execution
INFO 2023-09-14 15:45:31,004 functions DeallocationSchedular 36 Scheduler Started
INFO 2023-09-14 15:45:31,724 functions DeallocationSchedular 179 Scheduler Completed Execution
INFO 2023-09-14 15:45:50,993 functions DeallocationSchedular 36 Scheduler Started
INFO 2023-09-14 15:45:51,735 functions DeallocationSchedular 179 Scheduler Completed Execution
INFO 2023-09-14 15:46:10,997 functions DeallocationSchedular 36 Scheduler Started
INFO 2023-09-14 15:46:11,742 functions DeallocationSchedular 179 Scheduler Completed Execution
INFO 2023-09-14 15:46:31,005 functions DeallocationSchedular 36 Scheduler Started
INFO 2023-09-14 15:46:31,758 functions DeallocationSchedular 179 Scheduler Completed Execution
INFO 2023-09-14 15:46:50,993 functions DeallocationSchedular 36 Scheduler Started
INFO 2023-09-14 15:46:51,718 functions DeallocationSchedular 179 Scheduler Completed Execution
INFO 2023-09-14 15:47:11,008 functions DeallocationSchedular 36 Scheduler Started
INFO 2023-09-14 15:47:11,752 functions DeallocationSchedular 179 Scheduler Completed Execution
INFO 2023-09-14 15:47:30,993 functions DeallocationSchedular 36 Scheduler Started
INFO 2023-09-14 15:47:31,719 functions DeallocationSchedular 179 Scheduler Completed Execution
INFO 2023-09-14 15:47:50,997 functions DeallocationSchedular 36 Scheduler Started
INFO 2023-09-14 15:47:51,774 functions DeallocationSchedular 179 Scheduler Completed Execution
INFO 2023-09-14 15:48:10,998 functions DeallocationSchedular 36 Scheduler Started
INFO 2023-09-14 15:48:11,754 functions DeallocationSchedular 179 Scheduler Completed Execution
INFO 2023-09-14 15:48:31,004 functions DeallocationSchedular 36 Scheduler Started
INFO 2023-09-14 15:48:31,739 functions DeallocationSchedular 179 Scheduler Completed Execution
INFO 2023-09-14 15:48:50,992 functions DeallocationSchedular 36 Scheduler Started
INFO 2023-09-14 15:48:51,738 functions DeallocationSchedular 179 Scheduler Completed Execution
INFO 2023-09-14 15:49:11,002 functions DeallocationSchedular 36 Scheduler Started
INFO 2023-09-14 15:49:11,735 functions DeallocationSchedular 179 Scheduler Completed Execution
INFO 2023-09-14 15:49:31,009 functions DeallocationSchedular 36 Scheduler Started
INFO 2023-09-14 15:49:31,746 functions DeallocationSchedular 179 Scheduler Completed Execution
INFO 2023-09-14 15:49:50,992 functions DeallocationSchedular 36 Scheduler Started
INFO 2023-09-14 15:49:51,696 functions DeallocationSchedular 179 Scheduler Completed Execution
INFO 2023-09-14 15:50:10,998 functions DeallocationSchedular 36 Scheduler Started
INFO 2023-09-14 15:50:11,711 functions DeallocationSchedular 179 Scheduler Completed Execution
INFO 2023-09-14 15:50:31,008 functions DeallocationSchedular 36 Scheduler Started
INFO 2023-09-14 15:50:31,719 functions DeallocationSchedular 179 Scheduler Completed Execution
INFO 2023-09-14 15:50:50,999 functions DeallocationSchedular 36 Scheduler Started
INFO 2023-09-14 15:50:51,730 functions DeallocationSchedular 179 Scheduler Completed Execution
INFO 2023-09-14 15:51:10,995 functions DeallocationSchedular 36 Scheduler Started
INFO 2023-09-14 15:51:11,743 functions DeallocationSchedular 179 Scheduler Completed Execution
INFO 2023-09-14 15:51:31,004 functions DeallocationSchedular 36 Scheduler Started
INFO 2023-09-14 15:51:31,750 functions DeallocationSchedular 179 Scheduler Completed Execution
INFO 2023-09-14 15:51:51,007 functions DeallocationSchedular 36 Scheduler Started
INFO 2023-09-14 15:51:51,746 functions DeallocationSchedular 179 Scheduler Completed Execution
INFO 2023-09-14 15:52:10,994 functions DeallocationSchedular 36 Scheduler Started
INFO 2023-09-14 15:52:11,727 functions DeallocationSchedular 179 Scheduler Completed Execution
INFO 2023-09-14 15:52:30,995 functions DeallocationSchedular 36 Scheduler Started
INFO 2023-09-14 15:52:31,754 functions DeallocationSchedular 179 Scheduler Completed Execution
INFO 2023-09-14 15:52:51,002 functions DeallocationSchedular 36 Scheduler Started
INFO 2023-09-14 15:52:51,735 functions DeallocationSchedular 179 Scheduler Completed Execution
INFO 2023-09-14 15:53:10,998 functions DeallocationSchedular 36 Scheduler Started
INFO 2023-09-14 15:53:11,722 functions DeallocationSchedular 179 Scheduler Completed Execution
INFO 2023-09-14 15:53:30,992 functions DeallocationSchedular 36 Scheduler Started
INFO 2023-09-14 15:53:31,730 functions DeallocationSchedular 179 Scheduler Completed Execution
INFO 2023-09-14 15:53:51,004 functions DeallocationSchedular 36 Scheduler Started
INFO 2023-09-14 15:53:51,733 functions DeallocationSchedular 179 Scheduler Completed Execution
INFO 2023-09-14 15:54:10,998 functions DeallocationSchedular 36 Scheduler Started
INFO 2023-09-14 15:54:11,734 functions DeallocationSchedular 179 Scheduler Completed Execution
INFO 2023-09-14 15:54:30,994 functions DeallocationSchedular 36 Scheduler Started
INFO 2023-09-14 15:54:31,741 functions DeallocationSchedular 179 Scheduler Completed Execution
INFO 2023-09-14 15:54:51,003 functions DeallocationSchedular 36 Scheduler Started
INFO 2023-09-14 15:54:51,727 functions DeallocationSchedular 179 Scheduler Completed Execution
INFO 2023-09-14 15:55:11,001 functions DeallocationSchedular 36 Scheduler Started
INFO 2023-09-14 15:55:11,717 functions DeallocationSchedular 179 Scheduler Completed Execution
INFO 2023-09-14 15:55:31,003 functions DeallocationSchedular 36 Scheduler Started
INFO 2023-09-14 15:55:31,722 functions DeallocationSchedular 179 Scheduler Completed Execution
INFO 2023-09-14 15:55:51,006 functions DeallocationSchedular 36 Scheduler Started
INFO 2023-09-14 15:55:51,725 functions DeallocationSchedular 179 Scheduler Completed Execution
INFO 2023-09-14 15:56:10,993 functions DeallocationSchedular 36 Scheduler Started
INFO 2023-09-14 15:56:11,715 functions DeallocationSchedular 179 Scheduler Completed Execution
INFO 2023-09-14 15:56:30,992 functions DeallocationSchedular 36 Scheduler Started
INFO 2023-09-14 15:56:31,737 functions DeallocationSchedular 179 Scheduler Completed Execution
INFO 2023-09-14 15:56:51,007 functions DeallocationSchedular 36 Scheduler Started
INFO 2023-09-14 15:56:51,750 functions DeallocationSchedular 179 Scheduler Completed Execution
INFO 2023-09-14 15:57:11,006 functions DeallocationSchedular 36 Scheduler Started
INFO 2023-09-14 15:57:11,761 functions DeallocationSchedular 179 Scheduler Completed Execution
INFO 2023-09-14 15:57:30,997 functions DeallocationSchedular 36 Scheduler Started
INFO 2023-09-14 15:57:31,714 functions DeallocationSchedular 179 Scheduler Completed Execution
INFO 2023-09-14 15:57:51,001 functions DeallocationSchedular 36 Scheduler Started
INFO 2023-09-14 15:57:51,740 functions DeallocationSchedular 179 Scheduler Completed Execution
INFO 2023-09-14 15:58:10,997 functions DeallocationSchedular 36 Scheduler Started
INFO 2023-09-14 15:58:11,718 functions DeallocationSchedular 179 Scheduler Completed Execution
INFO 2023-09-14 15:58:30,996 functions DeallocationSchedular 36 Scheduler Started
INFO 2023-09-14 15:58:33,259 functions DeallocationSchedular 179 Scheduler Completed Execution
INFO 2023-09-14 15:58:51,001 functions DeallocationSchedular 36 Scheduler Started
INFO 2023-09-14 15:58:51,719 functions DeallocationSchedular 179 Scheduler Completed Execution
INFO 2023-09-14 15:59:10,999 functions DeallocationSchedular 36 Scheduler Started
INFO 2023-09-14 15:59:11,704 functions DeallocationSchedular 179 Scheduler Completed Execution
INFO 2023-09-14 15:59:30,999 functions DeallocationSchedular 36 Scheduler Started
INFO 2023-09-14 15:59:31,718 functions DeallocationSchedular 179 Scheduler Completed Execution
INFO 2023-09-14 15:59:50,998 functions DeallocationSchedular 36 Scheduler Started
INFO 2023-09-14 15:59:51,706 functions DeallocationSchedular 179 Scheduler Completed Execution
INFO 2023-09-14 16:00:10,997 functions DeallocationSchedular 36 Scheduler Started
INFO 2023-09-14 16:00:11,723 functions DeallocationSchedular 179 Scheduler Completed Execution
INFO 2023-09-14 16:00:30,993 functions DeallocationSchedular 36 Scheduler Started
INFO 2023-09-14 16:00:31,714 functions DeallocationSchedular 179 Scheduler Completed Execution
INFO 2023-09-14 16:00:51,002 functions DeallocationSchedular 36 Scheduler Started
INFO 2023-09-14 16:00:51,760 functions DeallocationSchedular 179 Scheduler Completed Execution
INFO 2023-09-14 16:01:10,999 functions DeallocationSchedular 36 Scheduler Started
INFO 2023-09-14 16:01:11,724 functions DeallocationSchedular 179 Scheduler Completed Execution
INFO 2023-09-14 16:01:31,006 functions DeallocationSchedular 36 Scheduler Started
INFO 2023-09-14 16:01:31,740 functions DeallocationSchedular 179 Scheduler Completed Execution
INFO 2023-09-14 16:01:50,998 functions DeallocationSchedular 36 Scheduler Started
INFO 2023-09-14 16:01:51,728 functions DeallocationSchedular 179 Scheduler Completed Execution
INFO 2023-09-14 16:02:10,999 functions DeallocationSchedular 36 Scheduler Started
INFO 2023-09-14 16:02:11,710 functions DeallocationSchedular 179 Scheduler Completed Execution
INFO 2023-09-14 16:02:30,997 functions DeallocationSchedular 36 Scheduler Started
INFO 2023-09-14 16:02:31,704 functions DeallocationSchedular 179 Scheduler Completed Execution
INFO 2023-09-14 16:02:50,999 functions DeallocationSchedular 36 Scheduler Started
INFO 2023-09-14 16:02:51,715 functions DeallocationSchedular 179 Scheduler Completed Execution
INFO 2023-09-14 16:03:10,993 functions DeallocationSchedular 36 Scheduler Started
INFO 2023-09-14 16:03:11,727 functions DeallocationSchedular 179 Scheduler Completed Execution
INFO 2023-09-14 16:03:30,997 functions DeallocationSchedular 36 Scheduler Started
INFO 2023-09-14 16:03:31,737 functions DeallocationSchedular 179 Scheduler Completed Execution
INFO 2023-09-14 16:03:51,001 functions DeallocationSchedular 36 Scheduler Started
INFO 2023-09-14 16:03:51,733 functions DeallocationSchedular 179 Scheduler Completed Execution
INFO 2023-09-14 16:04:11,000 functions DeallocationSchedular 36 Scheduler Started
INFO 2023-09-14 16:04:11,788 functions DeallocationSchedular 179 Scheduler Completed Execution
INFO 2023-09-14 16:04:31,007 functions DeallocationSchedular 36 Scheduler Started
INFO 2023-09-14 16:04:31,741 functions DeallocationSchedular 179 Scheduler Completed Execution
INFO 2023-09-14 16:04:50,993 functions DeallocationSchedular 36 Scheduler Started
INFO 2023-09-14 16:04:51,716 functions DeallocationSchedular 179 Scheduler Completed Execution
INFO 2023-09-14 16:05:10,997 functions DeallocationSchedular 36 Scheduler Started
INFO 2023-09-14 16:05:31,006 functions DeallocationSchedular 36 Scheduler Started
INFO 2023-09-14 16:05:51,025 functions DeallocationSchedular 36 Scheduler Started
INFO 2023-09-14 16:06:10,997 functions DeallocationSchedular 36 Scheduler Started
INFO 2023-09-14 16:06:30,996 functions DeallocationSchedular 36 Scheduler Started
INFO 2023-09-14 16:06:51,000 functions DeallocationSchedular 36 Scheduler Started
INFO 2023-09-14 16:07:10,997 functions DeallocationSchedular 36 Scheduler Started
INFO 2023-09-14 16:07:31,002 functions DeallocationSchedular 36 Scheduler Started
INFO 2023-09-14 16:07:51,007 functions DeallocationSchedular 36 Scheduler Started
INFO 2023-09-14 16:08:11,002 functions DeallocationSchedular 36 Scheduler Started
INFO 2023-09-14 16:08:31,002 functions DeallocationSchedular 36 Scheduler Started
INFO 2023-09-14 16:08:50,996 functions DeallocationSchedular 36 Scheduler Started
INFO 2023-09-14 16:09:10,993 functions DeallocationSchedular 36 Scheduler Started
INFO 2023-09-14 16:09:31,001 functions DeallocationSchedular 36 Scheduler Started
INFO 2023-10-03 15:22:01,964 functions DeallocationSchedular 36 Scheduler Started
INFO 2023-10-03 15:22:03,145 functions DeallocationSchedular 36 Scheduler Started
INFO 2023-10-03 15:22:07,595 functions DeallocationSchedular 137 Bench Deallocated for id 160,                     User Chandrashekhar Ramgond for benches ['B8', 'B9', 'B10', 'B11', 'B12', 'B13', 'B14', 'B15', 'B16', 'B17']
INFO 2023-10-03 15:22:09,459 functions DeallocationSchedular 137 Bench Deallocated for id 181,                     User ARBAZ ALI for benches ['B10', 'B9', 'B11']
INFO 2023-10-03 15:22:09,843 functions DeallocationSchedular 137 Bench Deallocated for id 160,                     User Chandrashekhar Ramgond for benches ['B8', 'B9', 'B10', 'B11', 'B12', 'B13', 'B14', 'B15', 'B16', 'B17']
INFO 2023-10-03 15:22:10,627 functions DeallocationSchedular 137 Bench Deallocated for id 184,                     User ARBAZ ALI for benches ['A6']
INFO 2023-10-03 15:22:12,020 functions DeallocationSchedular 137 Bench Deallocated for id 188,                     User ARBAZ ALI for benches ['A10', 'A9']
INFO 2023-10-03 15:22:12,598 functions DeallocationSchedular 137 Bench Deallocated for id 181,                     User ARBAZ ALI for benches ['B10', 'B9', 'B11']
INFO 2023-10-03 15:22:13,181 functions DeallocationSchedular 137 Bench Deallocated for id 189,                     User ARBAZ ALI for benches ['A8']
INFO 2023-10-03 15:22:13,181 functions DeallocationSchedular 187 Scheduler Completed Execution
INFO 2023-10-03 15:22:14,675 functions DeallocationSchedular 137 Bench Deallocated for id 184,                     User ARBAZ ALI for benches ['A6']
INFO 2023-10-03 15:22:16,994 functions DeallocationSchedular 137 Bench Deallocated for id 188,                     User ARBAZ ALI for benches ['A10', 'A9']
INFO 2023-10-03 15:22:19,056 functions DeallocationSchedular 137 Bench Deallocated for id 189,                     User ARBAZ ALI for benches ['A8']
INFO 2023-10-03 15:22:19,056 functions DeallocationSchedular 187 Scheduler Completed Execution
INFO 2023-10-05 13:04:32,381 functions DeallocationSchedular 36 Scheduler Started
INFO 2023-10-05 13:04:33,548 functions DeallocationSchedular 36 Scheduler Started
INFO 2023-10-05 13:04:40,808 functions DeallocationSchedular 139 Bench Deallocated for id 190,                     User Chenthilkumaran Thirusangu for benches ['A7']
INFO 2023-10-05 13:04:40,808 functions DeallocationSchedular 193 Scheduler Completed Execution
INFO 2023-10-05 13:04:41,192 functions DeallocationSchedular 139 Bench Deallocated for id 190,                     User Chenthilkumaran Thirusangu for benches ['A7']
INFO 2023-10-05 13:04:41,192 functions DeallocationSchedular 193 Scheduler Completed Execution
INFO 2023-10-05 13:06:34,344 functions DeallocationSchedular 36 Scheduler Started
INFO 2023-10-05 13:06:35,365 functions DeallocationSchedular 36 Scheduler Started
INFO 2023-10-05 13:06:36,235 functions DeallocationSchedular 193 Scheduler Completed Execution
INFO 2023-10-05 13:06:37,234 functions DeallocationSchedular 193 Scheduler Completed Execution
INFO 2023-10-05 13:07:34,339 functions DeallocationSchedular 36 Scheduler Started
INFO 2023-10-05 13:07:35,368 functions DeallocationSchedular 36 Scheduler Started
INFO 2023-10-05 15:09:54,794 functions DeallocationSchedular 36 Scheduler Started
INFO 2023-10-05 15:09:55,849 functions DeallocationSchedular 36 Scheduler Started
INFO 2023-10-05 15:10:03,724 functions DeallocationSchedular 139 Bench Deallocated for id 191,                     User ARBAZ ALI for benches ['A10', 'A9', 'A8', 'A7', 'A6', 'B11', 'B10', 'B9']
INFO 2023-10-05 15:10:03,930 functions DeallocationSchedular 139 Bench Deallocated for id 191,                     User ARBAZ ALI for benches ['A10', 'A9', 'A8', 'A7', 'A6', 'B11', 'B10', 'B9']
INFO 2023-10-05 15:10:54,804 functions DeallocationSchedular 36 Scheduler Started
INFO 2023-10-05 15:12:08,822 functions DeallocationSchedular 36 Scheduler Started
INFO 2023-10-05 15:12:09,810 functions DeallocationSchedular 36 Scheduler Started
INFO 2023-10-05 15:12:15,530 functions DeallocationSchedular 191 Bench Expiry email sent for id 192,                     User ARBAZ ALI for benches ['B8']
INFO 2023-10-05 15:12:15,531 functions DeallocationSchedular 193 Scheduler Completed Execution
INFO 2023-10-05 15:12:15,537 functions DeallocationSchedular 191 Bench Expiry email sent for id 192,                     User ARBAZ ALI for benches ['B8']
INFO 2023-10-05 15:12:15,537 functions DeallocationSchedular 193 Scheduler Completed Execution
INFO 2023-10-05 22:00:27,193 functions DeallocationSchedular 36 Scheduler Started
INFO 2023-10-05 22:00:28,459 functions DeallocationSchedular 36 Scheduler Started
INFO 2023-10-05 22:00:40,680 functions DeallocationSchedular 191 Bench Expiry email sent for id 192,                     User ARBAZ ALI for benches ['B8']
INFO 2023-10-05 22:00:40,680 functions DeallocationSchedular 193 Scheduler Completed Execution
INFO 2023-10-05 22:00:40,998 functions DeallocationSchedular 191 Bench Expiry email sent for id 192,                     User ARBAZ ALI for benches ['B8']
INFO 2023-10-05 22:00:40,999 functions DeallocationSchedular 193 Scheduler Completed Execution
INFO 2023-10-05 22:01:27,207 functions DeallocationSchedular 36 Scheduler Started
INFO 2023-10-05 22:01:28,462 functions DeallocationSchedular 36 Scheduler Started
INFO 2023-10-05 22:01:47,963 functions DeallocationSchedular 191 Bench Expiry email sent for id 192,                     User ARBAZ ALI for benches ['B8']
INFO 2023-10-05 22:01:47,964 functions DeallocationSchedular 193 Scheduler Completed Execution
INFO 2023-10-05 22:01:47,978 functions DeallocationSchedular 191 Bench Expiry email sent for id 192,                     User ARBAZ ALI for benches ['B8']
INFO 2023-10-05 22:01:47,979 functions DeallocationSchedular 193 Scheduler Completed Execution
INFO 2023-10-06 11:21:19,483 functions DeallocationSchedular 36 Scheduler Started
INFO 2023-10-06 11:21:31,390 functions DeallocationSchedular 191 Bench Expiry email sent for id 192,                     User ARBAZ ALI for benches ['B8']
INFO 2023-10-06 11:21:43,867 functions DeallocationSchedular 139 Bench Deallocated for id 198,                     User Chenthilkumaran Thirusangu for benches ['A9']
INFO 2023-10-06 11:21:54,456 functions DeallocationSchedular 191 Bench Expiry email sent for id 199,                     User Ajay Myaka for benches ['B11']
INFO 2023-10-06 11:21:54,456 functions DeallocationSchedular 200 Scheduler Completed Execution
INFO 2023-10-06 11:22:19,487 functions DeallocationSchedular 36 Scheduler Started
INFO 2023-10-06 11:22:30,972 functions DeallocationSchedular 191 Bench Expiry email sent for id 192,                     User ARBAZ ALI for benches ['B8']
INFO 2023-10-06 11:22:41,520 functions DeallocationSchedular 191 Bench Expiry email sent for id 199,                     User Ajay Myaka for benches ['B11']
INFO 2023-10-06 11:22:41,522 functions DeallocationSchedular 200 Scheduler Completed Execution
